2011-03-05 10:11:34.825054

successfully
==================================================
2011-03-05 11:21:46.999648

successfully
==================================================
2011-03-05 11:22:17.124585

successfully
==================================================
2011-03-05 11:22:39.630096

<type 'exceptions.IOError'>
[Errno 2] No such file or directory: 'backups/myTextFile'
==================================================
2011-03-05 11:31:07.920140

successfully
==================================================
2011-03-05 12:32:36.462645

successfully
==================================================
2011-03-05 12:33:23.959022

<type 'exceptions.IOError'>
[Errno 2] No such file or directory: 'backups/myTextFile'
==================================================
